det
DET
Det
car
CAR
Car
ari
ARI
Ari
bal
BAL
Bal
jac
JAC
Jac
kc
KC
Kc
den
DEN
Den
nyj
NYJ
Nyj
nyg
NYG
Nyg
oak
OAK
Oak
cle
CLE
Cle
ind
IND
Ind
phi
PHI
Phi
pit
PIT
Pit
buf
BUF
Buf
ten
TEN
Ten
tb
TB
Tb
hou
HOU
Hou
gb
GB
Gb
min
MIN
Min
stl
STL
Stl
dal
DAL
Dal
det
DET
Det
atl
ATL
Atl
chi
CHI
Chi
ne
NE
Ne
mia
MIA
Mia
sf
SF
Sf
sea
SEA
Sea
was
WAS
Was
cin
CIN
Cin
no
NO
No
sd
SD
Sd
lal
LAL
Lal
det
DET
Det
det
DET
Det
buf
BUF
Buf
hmfc
HMFC
Hmfc
s. l. b.
S. L. B.
S. l. b.
mich
MICH
Mich
stars
STARS
Stars
vik
VIK
Vik
det
DET
Det
sea
SEA
Sea
tve
TVE
Tve
fck
FCK
Fck
team shack
TEAM SHACK
Team shack
fcm
FCM
Fcm
lif
LIF
Lif
bco
BCO
Bco
sgl
SGL
Sgl
hsv
HSV
Hsv
svm
SVM
Svm
wrfnc
WRFNC
Wrfnc
mich
MICH
Mich
sbr
SBR
Sbr
bco
BCO
Bco
canes
CANES
Canes
hrs
HRS
Hrs
